<?xml version="1.0" encoding="UTF-8"?>
<!-- Generated by org.testng.reporters.JUnitReportReporter -->
<testsuite hostname="LAPTOP-K2CLGN36" failures="0" tests="1" name="runner.RunnerCuke" time="45.001" errors="0" timestamp="18 Sep 2020 00:22:26 GMT">
  <testcase classname="runner.RunnerCuke" name="feature" time="45.001"/>
</testsuite> <!-- runner.RunnerCuke -->
