<?xml version="1.0" encoding="UTF-8"?>
<!-- Generated by org.testng.reporters.JUnitReportReporter -->
<testsuite hostname="LAPTOP-K2CLGN36" failures="0" tests="1" name="com.qa.runner.RunnerCuke2" time="31.560" errors="0" timestamp="21 Sep 2020 20:15:45 GMT">
  <testcase classname="com.qa.runner.RunnerCuke2" name="feature" time="31.560"/>
</testsuite> <!-- com.qa.runner.RunnerCuke2 -->
