<?xml version="1.0" encoding="UTF-8"?>
<!-- Generated by org.testng.reporters.JUnitReportReporter -->
<testsuite hostname="LAPTOP-K2CLGN36" failures="0" tests="2" name="com.qa.runner.RunnerCuke" time="71.197" errors="0" timestamp="22 Sep 2020 00:15:45 GMT" skipped="0">
  <testcase classname="com.qa.runner.RunnerCuke" name="runScenario" time="36.667"/>
  <testcase classname="com.qa.runner.RunnerCuke" name="runScenario" time="34.530"/>
</testsuite> <!-- com.qa.runner.RunnerCuke -->
